[2021-07-22  17:29:50.077] basePage.py -> __init__ line:28 [DEBUG] : prefs<selenium.webdriver.chrome.options.Options object at 0x000002741D3B7EB0>
[2021-07-22  17:29:57.122] readConfig.py -> read_json line:19 [DEBUG] : json文件：{'base_url': 'https://mgt.oilchem.net/login/login.htm', 'user_name': 'zhengsheng', 'password': '123456'}
[2021-07-22  17:29:57.122] readConfig.py -> read_json line:19 [DEBUG] : json文件：{'base_url': 'https://mgt.oilchem.net/login/login.htm', 'user_name': 'zhengsheng', 'password': '123456'}
[2021-07-22  17:31:31.438] basePage.py -> __init__ line:28 [DEBUG] : prefs<selenium.webdriver.chrome.options.Options object at 0x00000239BE3B6EB0>
[2021-07-22  17:31:33.724] readConfig.py -> read_json line:19 [DEBUG] : json文件：{'base_url': 'https://mgt.oilchem.net/login/login.htm', 'user_name': 'zhengsheng', 'password': '123456'}
[2021-07-22  17:31:33.724] readConfig.py -> read_json line:19 [DEBUG] : json文件：{'base_url': 'https://mgt.oilchem.net/login/login.htm', 'user_name': 'zhengsheng', 'password': '123456'}
[2021-07-22  18:33:36.471] basePage.py -> __init__ line:28 [DEBUG] : prefs<selenium.webdriver.chrome.options.Options object at 0x000001D3EEBDBF70>
[2021-07-22  18:33:36.471] basePage.py -> __init__ line:28 [DEBUG] : prefs<selenium.webdriver.chrome.options.Options object at 0x000001D3EEBDBF70>
[2021-07-22  18:33:40.309] readConfig.py -> read_json line:19 [DEBUG] : json文件：{'base_url': 'https://mgt.oilchem.net/login/login.htm', 'user_name': 'zhengsheng', 'password': '123456'}
[2021-07-22  18:33:40.309] readConfig.py -> read_json line:19 [DEBUG] : json文件：{'base_url': 'https://mgt.oilchem.net/login/login.htm', 'user_name': 'zhengsheng', 'password': '123456'}
[2021-07-22  18:33:40.309] readConfig.py -> read_json line:19 [DEBUG] : json文件：{'base_url': 'https://mgt.oilchem.net/login/login.htm', 'user_name': 'zhengsheng', 'password': '123456'}
[2021-07-22  18:33:45.450] basePage.py -> __init__ line:28 [DEBUG] : prefs<selenium.webdriver.chrome.options.Options object at 0x000001D3EEC6AC70>
[2021-07-22  18:33:45.450] basePage.py -> __init__ line:28 [DEBUG] : prefs<selenium.webdriver.chrome.options.Options object at 0x000001D3EEC6AC70>
[2021-07-22  18:33:45.450] basePage.py -> __init__ line:28 [DEBUG] : prefs<selenium.webdriver.chrome.options.Options object at 0x000001D3EEC6AC70>
[2021-07-22  18:33:45.450] basePage.py -> __init__ line:28 [DEBUG] : prefs<selenium.webdriver.chrome.options.Options object at 0x000001D3EEC6AC70>
[2021-07-22  18:34:38.711] basePage.py -> __init__ line:28 [DEBUG] : prefs<selenium.webdriver.chrome.options.Options object at 0x00000228D228BF70>
[2021-07-22  18:34:38.711] basePage.py -> __init__ line:28 [DEBUG] : prefs<selenium.webdriver.chrome.options.Options object at 0x00000228D228BF70>
[2021-07-22  18:34:41.292] readConfig.py -> read_json line:19 [DEBUG] : json文件：{'base_url': 'https://mgt.oilchem.net/login/login.htm', 'user_name': 'zhengsheng', 'password': '123456'}
[2021-07-22  18:34:41.292] readConfig.py -> read_json line:19 [DEBUG] : json文件：{'base_url': 'https://mgt.oilchem.net/login/login.htm', 'user_name': 'zhengsheng', 'password': '123456'}
[2021-07-22  18:34:41.292] readConfig.py -> read_json line:19 [DEBUG] : json文件：{'base_url': 'https://mgt.oilchem.net/login/login.htm', 'user_name': 'zhengsheng', 'password': '123456'}
[2021-07-22  18:34:46.434] basePage.py -> __init__ line:28 [DEBUG] : prefs<selenium.webdriver.chrome.options.Options object at 0x00000228D231AC70>
[2021-07-22  18:34:46.434] basePage.py -> __init__ line:28 [DEBUG] : prefs<selenium.webdriver.chrome.options.Options object at 0x00000228D231AC70>
[2021-07-22  18:34:46.434] basePage.py -> __init__ line:28 [DEBUG] : prefs<selenium.webdriver.chrome.options.Options object at 0x00000228D231AC70>
[2021-07-22  18:34:46.434] basePage.py -> __init__ line:28 [DEBUG] : prefs<selenium.webdriver.chrome.options.Options object at 0x00000228D231AC70>
[2021-07-22  18:35:58.869] basePage.py -> __init__ line:30 [DEBUG] : prefs<selenium.webdriver.chrome.options.Options object at 0x000001F1DF09AAF0>
[2021-07-22  18:35:58.869] basePage.py -> __init__ line:30 [DEBUG] : prefs<selenium.webdriver.chrome.options.Options object at 0x000001F1DF09AAF0>
[2021-07-22  18:36:01.557] readConfig.py -> read_json line:19 [DEBUG] : json文件：{'base_url': 'https://mgt.oilchem.net/login/login.htm', 'user_name': 'zhengsheng', 'password': '123456'}
[2021-07-22  18:36:01.557] readConfig.py -> read_json line:19 [DEBUG] : json文件：{'base_url': 'https://mgt.oilchem.net/login/login.htm', 'user_name': 'zhengsheng', 'password': '123456'}
[2021-07-22  18:36:01.557] readConfig.py -> read_json line:19 [DEBUG] : json文件：{'base_url': 'https://mgt.oilchem.net/login/login.htm', 'user_name': 'zhengsheng', 'password': '123456'}
[2021-07-22  18:36:06.683] basePage.py -> __init__ line:30 [DEBUG] : prefs<selenium.webdriver.chrome.options.Options object at 0x000001F1DF09AAF0>
[2021-07-22  18:36:06.683] basePage.py -> __init__ line:30 [DEBUG] : prefs<selenium.webdriver.chrome.options.Options object at 0x000001F1DF09AAF0>
[2021-07-22  18:36:06.683] basePage.py -> __init__ line:30 [DEBUG] : prefs<selenium.webdriver.chrome.options.Options object at 0x000001F1DF09AAF0>
[2021-07-22  18:38:18.046] basePage.py -> __init__ line:30 [DEBUG] : prefs<selenium.webdriver.chrome.options.Options object at 0x000001B0FDDCAAF0>
[2021-07-22  18:38:18.046] basePage.py -> __init__ line:30 [DEBUG] : prefs<selenium.webdriver.chrome.options.Options object at 0x000001B0FDDCAAF0>
[2021-07-22  18:38:20.698] readConfig.py -> read_json line:19 [DEBUG] : json文件：{'base_url': 'https://mgt.oilchem.net/login/login.htm', 'user_name': 'zhengsheng', 'password': '123456'}
[2021-07-22  18:38:20.698] readConfig.py -> read_json line:19 [DEBUG] : json文件：{'base_url': 'https://mgt.oilchem.net/login/login.htm', 'user_name': 'zhengsheng', 'password': '123456'}
[2021-07-22  18:38:20.698] readConfig.py -> read_json line:19 [DEBUG] : json文件：{'base_url': 'https://mgt.oilchem.net/login/login.htm', 'user_name': 'zhengsheng', 'password': '123456'}
[2021-07-22  18:38:25.837] basePage.py -> __init__ line:30 [DEBUG] : prefs<selenium.webdriver.chrome.options.Options object at 0x000001B0FDDCAAF0>
[2021-07-22  18:38:25.837] basePage.py -> __init__ line:30 [DEBUG] : prefs<selenium.webdriver.chrome.options.Options object at 0x000001B0FDDCAAF0>
[2021-07-22  18:38:25.837] basePage.py -> __init__ line:30 [DEBUG] : prefs<selenium.webdriver.chrome.options.Options object at 0x000001B0FDDCAAF0>
[2021-07-22  18:49:07.679] basePage.py -> __init__ line:37 [DEBUG] : prefs<selenium.webdriver.chrome.options.Options object at 0x000001DEB7D8AAF0>
[2021-07-22  18:49:07.679] basePage.py -> __init__ line:37 [DEBUG] : prefs<selenium.webdriver.chrome.options.Options object at 0x000001DEB7D8AAF0>
[2021-07-22  18:49:10.552] readConfig.py -> read_json line:19 [DEBUG] : json文件：{'base_url': 'https://mgt.oilchem.net/login/login.htm', 'user_name': 'zhengsheng', 'password': '123456'}
[2021-07-22  18:49:10.552] readConfig.py -> read_json line:19 [DEBUG] : json文件：{'base_url': 'https://mgt.oilchem.net/login/login.htm', 'user_name': 'zhengsheng', 'password': '123456'}
[2021-07-22  18:49:10.552] readConfig.py -> read_json line:19 [DEBUG] : json文件：{'base_url': 'https://mgt.oilchem.net/login/login.htm', 'user_name': 'zhengsheng', 'password': '123456'}
[2021-07-22  18:49:15.708] basePage.py -> __init__ line:37 [DEBUG] : prefs<selenium.webdriver.chrome.options.Options object at 0x000001DEB7D8AAF0>
[2021-07-22  18:49:15.708] basePage.py -> __init__ line:37 [DEBUG] : prefs<selenium.webdriver.chrome.options.Options object at 0x000001DEB7D8AAF0>
[2021-07-22  18:49:15.708] basePage.py -> __init__ line:37 [DEBUG] : prefs<selenium.webdriver.chrome.options.Options object at 0x000001DEB7D8AAF0>
[2021-07-22  18:51:28.414] basePage.py -> __init__ line:37 [DEBUG] : prefs<selenium.webdriver.chrome.options.Options object at 0x0000020C6440AAF0>
[2021-07-22  18:51:28.414] basePage.py -> __init__ line:37 [DEBUG] : prefs<selenium.webdriver.chrome.options.Options object at 0x0000020C6440AAF0>
[2021-07-22  18:51:31.104] readConfig.py -> read_json line:19 [DEBUG] : json文件：{'base_url': 'https://mgt.oilchem.net/login/login.htm', 'user_name': 'zhengsheng', 'password': '123456'}
[2021-07-22  18:51:31.104] readConfig.py -> read_json line:19 [DEBUG] : json文件：{'base_url': 'https://mgt.oilchem.net/login/login.htm', 'user_name': 'zhengsheng', 'password': '123456'}
[2021-07-22  18:51:31.104] readConfig.py -> read_json line:19 [DEBUG] : json文件：{'base_url': 'https://mgt.oilchem.net/login/login.htm', 'user_name': 'zhengsheng', 'password': '123456'}
[2021-07-22  18:51:36.253] basePage.py -> __init__ line:37 [DEBUG] : prefs<selenium.webdriver.chrome.options.Options object at 0x0000020C6440AAF0>
[2021-07-22  18:51:36.253] basePage.py -> __init__ line:37 [DEBUG] : prefs<selenium.webdriver.chrome.options.Options object at 0x0000020C6440AAF0>
[2021-07-22  18:51:36.253] basePage.py -> __init__ line:37 [DEBUG] : prefs<selenium.webdriver.chrome.options.Options object at 0x0000020C6440AAF0>
[2021-07-22  18:52:24.293] basePage.py -> __init__ line:37 [DEBUG] : prefs<selenium.webdriver.chrome.options.Options object at 0x00000235A3EEAAF0>
[2021-07-22  18:52:24.293] basePage.py -> __init__ line:37 [DEBUG] : prefs<selenium.webdriver.chrome.options.Options object at 0x00000235A3EEAAF0>
[2021-07-22  18:52:26.956] readConfig.py -> read_json line:19 [DEBUG] : json文件：{'base_url': 'https://mgt.oilchem.net/login/login.htm', 'user_name': 'zhengsheng', 'password': '123456'}
[2021-07-22  18:52:26.956] readConfig.py -> read_json line:19 [DEBUG] : json文件：{'base_url': 'https://mgt.oilchem.net/login/login.htm', 'user_name': 'zhengsheng', 'password': '123456'}
[2021-07-22  18:52:26.956] readConfig.py -> read_json line:19 [DEBUG] : json文件：{'base_url': 'https://mgt.oilchem.net/login/login.htm', 'user_name': 'zhengsheng', 'password': '123456'}
[2021-07-22  18:52:32.084] basePage.py -> __init__ line:37 [DEBUG] : prefs<selenium.webdriver.chrome.options.Options object at 0x00000235A3EEAAF0>
[2021-07-22  18:52:32.084] basePage.py -> __init__ line:37 [DEBUG] : prefs<selenium.webdriver.chrome.options.Options object at 0x00000235A3EEAAF0>
[2021-07-22  18:52:32.084] basePage.py -> __init__ line:37 [DEBUG] : prefs<selenium.webdriver.chrome.options.Options object at 0x00000235A3EEAAF0>
[2021-07-22  18:53:33.489] basePage.py -> __init__ line:37 [DEBUG] : prefs<selenium.webdriver.chrome.options.Options object at 0x000002820A23AAF0>
[2021-07-22  18:53:33.489] basePage.py -> __init__ line:37 [DEBUG] : prefs<selenium.webdriver.chrome.options.Options object at 0x000002820A23AAF0>
[2021-07-22  18:53:36.126] readConfig.py -> read_json line:19 [DEBUG] : json文件：{'base_url': 'https://mgt.oilchem.net/login/login.htm', 'user_name': 'zhengsheng', 'password': '123456'}
[2021-07-22  18:53:36.126] readConfig.py -> read_json line:19 [DEBUG] : json文件：{'base_url': 'https://mgt.oilchem.net/login/login.htm', 'user_name': 'zhengsheng', 'password': '123456'}
[2021-07-22  18:53:36.126] readConfig.py -> read_json line:19 [DEBUG] : json文件：{'base_url': 'https://mgt.oilchem.net/login/login.htm', 'user_name': 'zhengsheng', 'password': '123456'}
[2021-07-22  18:53:41.279] basePage.py -> __init__ line:37 [DEBUG] : prefs<selenium.webdriver.chrome.options.Options object at 0x000002820A23AAF0>
[2021-07-22  18:53:41.279] basePage.py -> __init__ line:37 [DEBUG] : prefs<selenium.webdriver.chrome.options.Options object at 0x000002820A23AAF0>
[2021-07-22  18:53:41.279] basePage.py -> __init__ line:37 [DEBUG] : prefs<selenium.webdriver.chrome.options.Options object at 0x000002820A23AAF0>
[2021-07-22  19:30:36.695] basePage.py -> init_webdriver line:59 [DEBUG] : prefs<selenium.webdriver.chrome.options.Options object at 0x000001F159084940>
[2021-07-22  19:30:36.695] basePage.py -> init_webdriver line:59 [DEBUG] : prefs<selenium.webdriver.chrome.options.Options object at 0x000001F159084940>
[2021-07-22  19:30:39.584] readConfig.py -> read_json line:19 [DEBUG] : json文件：{'base_url': 'https://mgt.oilchem.net/login/login.htm', 'user_name': 'zhengsheng', 'password': '123456'}
[2021-07-22  19:30:39.584] readConfig.py -> read_json line:19 [DEBUG] : json文件：{'base_url': 'https://mgt.oilchem.net/login/login.htm', 'user_name': 'zhengsheng', 'password': '123456'}
[2021-07-22  19:30:39.584] readConfig.py -> read_json line:19 [DEBUG] : json文件：{'base_url': 'https://mgt.oilchem.net/login/login.htm', 'user_name': 'zhengsheng', 'password': '123456'}
